IMLib/build/outputs/logs/manifest-merger-debug-report.txt
-- Merging decision tree log ---
manifest
ADDED from HaoChe666\IMLib\AndroidManifest.xml:1:1-112:12
INJECTED from HaoChe666\IMLib\AndroidManifest.xml:1:1-112:12
INJECTED from HaoChe666\IMLib\AndroidManifest.xml:1:1-112:12
INJECTED from HaoChe666\IMLib\AndroidManifest.xml:1:1-112:12
INJECTED from HaoChe666\IMLib\AndroidManifest.xml:1:1-112:12
INJECTED from HaoChe666\IMLib\AndroidManifest.xml:1:1-112:12
INJECTED from HaoChe666\IMLib\AndroidManifest.xml:1:1-112:12
	package
		ADDED from HaoChe666\IMLib\AndroidManifest.xml:2:5-28
		INJECTED from HaoChe666\IMLib\AndroidManifest.xml
		INJECTED from HaoChe666\IMLib\AndroidManifest.xml
	android:versionName
		INJECTED from HaoChe666\IMLib\AndroidManifest.xml
		ADDED from HaoChe666\IMLib\AndroidManifest.xml:1:1-112:12
		INJECTED from HaoChe666\IMLib\AndroidManifest.xml
	android:versionCode
		INJECTED from HaoChe666\IMLib\AndroidManifest.xml
		ADDED from HaoChe666\IMLib\AndroidManifest.xml:1:1-112:12
		INJECTED from HaoChe666\IMLib\AndroidManifest.xml
	xmlns:android
		ADDED from HaoChe666\IMLib\AndroidManifest.xml:1:11-69
uses-sdk
ADDED from HaoChe666\IMLib\AndroidManifest.xml:4:5-6:41
INJECTED from HaoChe666\IMLib\AndroidManifest.xml:4:5-6:41
INJECTED from HaoChe666\IMLib\AndroidManifest.xml:4:5-6:41
INJECTED from HaoChe666\IMLib\AndroidManifest.xml:4:5-6:41
INJECTED from HaoChe666\IMLib\AndroidManifest.xml:4:5-6:41
	android:targetSdkVersion
		ADDED from HaoChe666\IMLib\AndroidManifest.xml:6:9-38
		INJECTED from HaoChe666\IMLib\AndroidManifest.xml
		INJECTED from HaoChe666\IMLib\AndroidManifest.xml
	android:minSdkVersion
		ADDED from HaoChe666\IMLib\AndroidManifest.xml:5:9-35
		INJECTED from HaoChe666\IMLib\AndroidManifest.xml
		INJECTED from HaoChe666\IMLib\AndroidManifest.xml
uses-permission#android.permission.WRITE_EXTERNAL_STORAGE
ADDED from HaoChe666\IMLib\AndroidManifest.xml:8:5-81
	android:name
		ADDED from HaoChe666\IMLib\AndroidManifest.xml:8:22-78
uses-permission#android.permission.INTERNET
ADDED from HaoChe666\IMLib\AndroidManifest.xml:9:5-67
	android:name
		ADDED from HaoChe666\IMLib\AndroidManifest.xml:9:22-64
uses-permission#android.permission.ACCESS_NETWORK_STATE
ADDED from HaoChe666\IMLib\AndroidManifest.xml:10:5-79
	android:name
		ADDED from HaoChe666\IMLib\AndroidManifest.xml:10:22-76
uses-permission#android.permission.ACCESS_WIFI_STATE
ADDED from HaoChe666\IMLib\AndroidManifest.xml:11:5-76
	android:name
		ADDED from HaoChe666\IMLib\AndroidManifest.xml:11:22-73
uses-permission#android.permission.READ_PHONE_STATE
ADDED from HaoChe666\IMLib\AndroidManifest.xml:12:5-75
	android:name
		ADDED from HaoChe666\IMLib\AndroidManifest.xml:12:22-72
uses-permission#android.permission.RECORD_AUDIO
ADDED from HaoChe666\IMLib\AndroidManifest.xml:13:5-71
	android:name
		ADDED from HaoChe666\IMLib\AndroidManifest.xml:13:22-68
uses-permission#android.permission.GET_TASKS
ADDED from HaoChe666\IMLib\AndroidManifest.xml:14:5-68
	android:name
		ADDED from HaoChe666\IMLib\AndroidManifest.xml:14:22-65
uses-permission#android.permission.WAKE_LOCK
ADDED from HaoChe666\IMLib\AndroidManifest.xml:15:5-68
	android:name
		ADDED from HaoChe666\IMLib\AndroidManifest.xml:15:22-65
uses-permission#android.permission.MODIFY_AUDIO_SETTINGS
ADDED from HaoChe666\IMLib\AndroidManifest.xml:16:5-80
	android:name
		ADDED from HaoChe666\IMLib\AndroidManifest.xml:16:22-77
uses-permission#android.permission.VIBRATE
ADDED from HaoChe666\IMLib\AndroidManifest.xml:17:5-66
	android:name
		ADDED from HaoChe666\IMLib\AndroidManifest.xml:17:22-63
uses-permission#android.permission.ACCESS_FINE_LOCATION
ADDED from HaoChe666\IMLib\AndroidManifest.xml:18:5-79
	android:name
		ADDED from HaoChe666\IMLib\AndroidManifest.xml:18:22-76
uses-permission#android.permission.RECEIVE_BOOT_COMPLETED
ADDED from HaoChe666\IMLib\AndroidManifest.xml:19:5-81
	android:name
		ADDED from HaoChe666\IMLib\AndroidManifest.xml:19:22-78
application
ADDED from HaoChe666\IMLib\AndroidManifest.xml:21:5-110:19
meta-data#RONG_CLOUD_APP_KEY
ADDED from HaoChe666\IMLib\AndroidManifest.xml:35:9-37:45
	android:value
		ADDED from HaoChe666\IMLib\AndroidManifest.xml:37:13-42
	android:name
		ADDED from HaoChe666\IMLib\AndroidManifest.xml:36:13-46
service#io.rong.imlib.ipc.RongService
ADDED from HaoChe666\IMLib\AndroidManifest.xml:39:9-42:38
	android:process
		ADDED from HaoChe666\IMLib\AndroidManifest.xml:42:13-35
	android:exported
		ADDED from HaoChe666\IMLib\AndroidManifest.xml:41:13-36
	android:name
		ADDED from HaoChe666\IMLib\AndroidManifest.xml:40:13-57
service#io.rong.imlib.ReConnectService
ADDED from HaoChe666\IMLib\AndroidManifest.xml:49:9-52:72
	android:exported
		ADDED from HaoChe666\IMLib\AndroidManifest.xml:51:13-36
	android:permission
		ADDED from HaoChe666\IMLib\AndroidManifest.xml:52:13-69
	android:name
		ADDED from HaoChe666\IMLib\AndroidManifest.xml:50:13-45
receiver#io.rong.imlib.ConnectChangeReceiver
ADDED from HaoChe666\IMLib\AndroidManifest.xml:54:9-56:39
	android:exported
		ADDED from HaoChe666\IMLib\AndroidManifest.xml:56:13-36
	android:name
		ADDED from HaoChe666\IMLib\AndroidManifest.xml:55:13-63
receiver#io.rong.imlib.HeartbeatReceiver
ADDED from HaoChe666\IMLib\AndroidManifest.xml:58:9-60:38
	android:process
		ADDED from HaoChe666\IMLib\AndroidManifest.xml:60:13-35
	android:name
		ADDED from HaoChe666\IMLib\AndroidManifest.xml:59:13-59
service#io.rong.push.core.PushRegistrationService
ADDED from HaoChe666\IMLib\AndroidManifest.xml:67:9-70:72
	android:exported
		ADDED from HaoChe666\IMLib\AndroidManifest.xml:69:13-36
	android:permission
		ADDED from HaoChe666\IMLib\AndroidManifest.xml:70:13-69
	android:name
		ADDED from HaoChe666\IMLib\AndroidManifest.xml:68:13-69
service#io.rong.push.core.MessageHandleService
ADDED from HaoChe666\IMLib\AndroidManifest.xml:72:9-75:72
	android:exported
		ADDED from HaoChe666\IMLib\AndroidManifest.xml:74:13-36
	android:permission
		ADDED from HaoChe666\IMLib\AndroidManifest.xml:75:13-69
	android:name
		ADDED from HaoChe666\IMLib\AndroidManifest.xml:73:13-66
service#io.rong.push.PushService
ADDED from HaoChe666\IMLib\AndroidManifest.xml:78:9-82:46
	android:process
		ADDED from HaoChe666\IMLib\AndroidManifest.xml:82:13-43
	android:exported
		ADDED from HaoChe666\IMLib\AndroidManifest.xml:80:13-36
	android:permission
		ADDED from HaoChe666\IMLib\AndroidManifest.xml:81:13-69
	android:name
		ADDED from HaoChe666\IMLib\AndroidManifest.xml:79:13-52
receiver#io.rong.push.PushReceiver
ADDED from HaoChe666\IMLib\AndroidManifest.xml:85:9-105:20
	android:process
		ADDED from HaoChe666\IMLib\AndroidManifest.xml:87:13-43
	android:name
		ADDED from HaoChe666\IMLib\AndroidManifest.xml:86:13-53
intent-filter#io.rong.push.intent.action.HEART_BEAT
ADDED from HaoChe666\IMLib\AndroidManifest.xml:89:13-91:29
action#io.rong.push.intent.action.HEART_BEAT
ADDED from HaoChe666\IMLib\AndroidManifest.xml:90:17-80
	android:name
		ADDED from HaoChe666\IMLib\AndroidManifest.xml:90:25-77
intent-filter#android.net.conn.CONNECTIVITY_CHANGE
ADDED from HaoChe666\IMLib\AndroidManifest.xml:93:13-95:29
action#android.net.conn.CONNECTIVITY_CHANGE
ADDED from HaoChe666\IMLib\AndroidManifest.xml:94:17-79
	android:name
		ADDED from HaoChe666\IMLib\AndroidManifest.xml:94:25-76
intent-filter#android.intent.action.BOOT_COMPLETED
ADDED from HaoChe666\IMLib\AndroidManifest.xml:97:13-99:29
action#android.intent.action.BOOT_COMPLETED
ADDED from HaoChe666\IMLib\AndroidManifest.xml:98:17-79
	android:name
		ADDED from HaoChe666\IMLib\AndroidManifest.xml:98:25-76
intent-filter#android.intent.action.ACTION_POWER_CONNECTED+android.intent.action.ACTION_POWER_DISCONNECTED+android.intent.action.USER_PRESENT
ADDED from HaoChe666\IMLib\AndroidManifest.xml:100:13-104:29
action#android.intent.action.USER_PRESENT
ADDED from HaoChe666\IMLib\AndroidManifest.xml:101:17-77
	android:name
		ADDED from HaoChe666\IMLib\AndroidManifest.xml:101:25-74
action#android.intent.action.ACTION_POWER_CONNECTED
ADDED from HaoChe666\IMLib\AndroidManifest.xml:102:17-87
	android:name
		ADDED from HaoChe666\IMLib\AndroidManifest.xml:102:25-84
action#android.intent.action.ACTION_POWER_DISCONNECTED
ADDED from HaoChe666\IMLib\AndroidManifest.xml:103:17-90
	android:name
		ADDED from HaoChe666\IMLib\AndroidManifest.xml:103:25-87